mode: set
test-gin/users/services/register_service.go:21.85,25.2 1 1
test-gin/users/services/register_service.go:27.119,29.16 2 1
test-gin/users/services/register_service.go:32.2,32.12 1 1
test-gin/users/services/register_service.go:36.2,38.77 2 1
test-gin/users/services/register_service.go:43.2,43.27 1 1
test-gin/users/services/register_service.go:29.16,31.3 1 1
test-gin/users/services/register_service.go:32.12,34.3 1 1
test-gin/users/services/register_service.go:38.77,41.3 2 1
test-gin/users/services/register_service.go:46.96,49.2 2 1
test-gin/users/controllers/register_controller.go:19.89,23.2 1 1
test-gin/users/controllers/register_controller.go:25.85,27.58 2 1
test-gin/users/controllers/register_controller.go:32.2,33.16 2 1
test-gin/users/controllers/register_controller.go:38.2,38.28 1 1
test-gin/users/controllers/register_controller.go:27.58,30.3 2 1
test-gin/users/controllers/register_controller.go:33.16,36.3 2 1
test-gin/users/controllers/register_controller.go:39.31,41.9 2 0
test-gin/users/controllers/register_controller.go:42.21,44.9 2 1
test-gin/users/controllers/register_controller.go:45.21,47.9 2 1
